app/build/intermediates/manifest_merge_blame_file/debug/manifest-merger-blame-debug-report.txt
1<?xml version="1.0" encoding="utf-8"?>
2<manifest xmlns:android="http://schemas.android.com/apk/res/android"
3    package="com.gmail.samuelhermosilla98.gamestoreapp"
4    android:versionCode="1"
5    android:versionName="1.0" >
6
7    <uses-sdk
8        android:minSdkVersion="21"
8-->src\main\AndroidManifest.xml
9        android:targetSdkVersion="29" />
9-->src\main\AndroidManifest.xml
10
11    <application
11-->src\main\AndroidManifest.xml:5:5-47:19
12        android:allowBackup="true"
12-->src\main\AndroidManifest.xml:6:9-35
13        android:appComponentFactory="androidx.core.app.CoreComponentFactory"
13-->[androidx.core:core:1.0.1] AndroidManifest.xml:22:18-86
14        android:debuggable="true"
15        android:icon="@mipmap/ic_launcher"
15-->src\main\AndroidManifest.xml:7:9-43
16        android:label="@string/app_name"
16-->src\main\AndroidManifest.xml:8:9-41
17        android:roundIcon="@mipmap/ic_launcher_round"
17-->src\main\AndroidManifest.xml:9:9-54
18        android:supportsRtl="true"
18-->src\main\AndroidManifest.xml:10:9-35
19        android:testOnly="true"
20        android:theme="@style/AppTheme" >
20-->src\main\AndroidManifest.xml:11:9-40
21        <activity
21-->src\main\AndroidManifest.xml:12:9-16:59
22            android:name="com.gmail.samuelhermosilla98.gamestoreapp.Views.SobreAppCRUDActivity"
22-->src\main\AndroidManifest.xml:13:13-55
23            android:label="@string/title_activity_sobre_app_crud"
23-->src\main\AndroidManifest.xml:14:13-66
24            android:parentActivityName="com.gmail.samuelhermosilla98.gamestoreapp.Views.ListadoActivity"
24-->src\main\AndroidManifest.xml:15:13-64
25            android:theme="@style/AppTheme.NoActionBar" />
25-->src\main\AndroidManifest.xml:16:13-56
26        <activity
26-->src\main\AndroidManifest.xml:17:9-21:59
27            android:name="com.gmail.samuelhermosilla98.gamestoreapp.Views.BuscarActivity"
27-->src\main\AndroidManifest.xml:18:13-49
28            android:label="@string/title_activity_buscar"
28-->src\main\AndroidManifest.xml:19:13-58
29            android:parentActivityName="com.gmail.samuelhermosilla98.gamestoreapp.Views.ListadoActivity"
29-->src\main\AndroidManifest.xml:20:13-64
30            android:theme="@style/AppTheme.NoActionBar" />
30-->src\main\AndroidManifest.xml:21:13-56
31        <activity
31-->src\main\AndroidManifest.xml:22:9-27:59
32            android:name="com.gmail.samuelhermosilla98.gamestoreapp.Views.ListadoActivity"
32-->src\main\AndroidManifest.xml:23:13-50
33            android:configChanges="orientation"
33-->src\main\AndroidManifest.xml:24:13-48
34            android:label="@string/title_activity_listado"
34-->src\main\AndroidManifest.xml:25:13-59
35            android:screenOrientation="sensor"
35-->src\main\AndroidManifest.xml:26:13-47
36            android:theme="@style/AppTheme.NoActionBar" />
36-->src\main\AndroidManifest.xml:27:13-56
37        <activity
37-->src\main\AndroidManifest.xml:28:9-34:59
38            android:name="com.gmail.samuelhermosilla98.gamestoreapp.Views.FormularioActivity"
38-->src\main\AndroidManifest.xml:29:13-53
39            android:configChanges="orientation"
39-->src\main\AndroidManifest.xml:30:13-48
40            android:label="@string/title_activity_formulario"
40-->src\main\AndroidManifest.xml:31:13-62
41            android:parentActivityName="com.gmail.samuelhermosilla98.gamestoreapp.Views.ListadoActivity"
41-->src\main\AndroidManifest.xml:32:13-64
42            android:screenOrientation="sensor"
42-->src\main\AndroidManifest.xml:33:13-47
43            android:theme="@style/AppTheme.NoActionBar" />
43-->src\main\AndroidManifest.xml:34:13-56
44        <activity
44-->src\main\AndroidManifest.xml:35:9-46:20
45            android:name="com.gmail.samuelhermosilla98.gamestoreapp.Views.LogoActivity"
45-->src\main\AndroidManifest.xml:36:13-47
46            android:configChanges="orientation"
46-->src\main\AndroidManifest.xml:37:13-48
47            android:label="@string/app_name"
47-->src\main\AndroidManifest.xml:38:13-45
48            android:screenOrientation="sensor"
48-->src\main\AndroidManifest.xml:39:13-47
49            android:theme="@style/AppTheme.NoActionBar" >
49-->src\main\AndroidManifest.xml:40:13-56
50            <intent-filter>
50-->src\main\AndroidManifest.xml:41:13-45:29
51                <action android:name="android.intent.action.MAIN" />
51-->src\main\AndroidManifest.xml:42:17-69
51-->src\main\AndroidManifest.xml:42:25-66
52
53                <category android:name="android.intent.category.LAUNCHER" />
53-->src\main\AndroidManifest.xml:44:17-77
53-->src\main\AndroidManifest.xml:44:27-74
54            </intent-filter>
55        </activity>
56    </application>
57
58</manifest>